# JRE version: Java(TM) SE Runtime Environment (18.0.1.1+2) (build 18.0.1.1+2-6)
# Java VM: Java HotSpot(TM) 64-Bit Server VM (18.0.1.1+2-6, mixed mode, sharing, tiered, compressed oops, compressed class ptrs, g1 gc, windows-amd64)
GC Precious Log:
 CardTable entry size: 512
 Card Set container configuration: InlinePtr #cards 4 size 8 Array Of Cards #cards 16 size 48 Howl #buckets 8 coarsen threshold 3686 Howl Bitmap #cards 512 size 80 coarsen threshold 460 Card regions per heap region 1 cards per card region 4096
 CPUs: 16 total, 16 available
 Memory: 16149M
 Large Page Support: Disabled
 NUMA Support: Disabled
 Compressed Oops: Enabled (Zero based)
 Heap Region Size: 2M
 Heap Min Capacity: 8M
 Heap Initial Capacity: 254M
 Heap Max Capacity: 4038M
 Pre-touch: Disabled
 Parallel Workers: 13
 Concurrent Workers: 3
 Concurrent Refinement Workers: 13
 Periodic GC: Disabled
Heap:
 garbage-first heap   total 278528K, used 124785K [0x0000000703a00000, 0x0000000800000000)
  region size 2048K, 1 young (2048K), 1 survivors (2048K)
 Metaspace       used 27285K, committed 27776K, reserved 1114112K
  class space    used 2898K, committed 3136K, reserved 1048576K
GC Heap History (20 events):
Event: 2.162 GC heap after
{Heap after GC invocations=6 (full 0):
 garbage-first heap   total 86016K, used 32437K [0x0000000703a00000, 0x0000000800000000)
  region size 2048K, 1 young (2048K), 1 survivors (2048K)
 Metaspace       used 22840K, committed 23168K, reserved 1114112K
  class space    used 2455K, committed 2624K, reserved 1048576K
}
Event: 2.433 GC heap before
{Heap before GC invocations=6 (full 0):
 garbage-first heap   total 86016K, used 57013K [0x0000000703a00000, 0x0000000800000000)
  region size 2048K, 14 young (28672K), 1 survivors (2048K)
 Metaspace       used 23820K, committed 24192K, reserved 1114112K
  class space    used 2559K, committed 2688K, reserved 1048576K
}
Event: 2.437 GC heap after
{Heap after GC invocations=7 (full 0):
 garbage-first heap   total 159744K, used 40255K [0x0000000703a00000, 0x0000000800000000)
  region size 2048K, 2 young (4096K), 2 survivors (4096K)
 Metaspace       used 23820K, committed 24192K, reserved 1114112K
  class space    used 2559K, committed 2688K, reserved 1048576K
}
Event: 2.902 GC heap before
{Heap before GC invocations=7 (full 0):
 garbage-first heap   total 159744K, used 95551K [0x0000000703a00000, 0x0000000800000000)
  region size 2048K, 30 young (61440K), 2 survivors (4096K)
 Metaspace       used 25886K, committed 26304K, reserved 1114112K
  class space    used 2737K, committed 2944K, reserved 1048576K
}
Event: 2.911 GC heap after
{Heap after GC invocations=8 (full 0):
 garbage-first heap   total 159744K, used 46372K [0x0000000703a00000, 0x0000000800000000)
  region size 2048K, 4 young (8192K), 4 survivors (8192K)
 Metaspace       used 25886K, committed 26304K, reserved 1114112K
  class space    used 2737K, committed 2944K, reserved 1048576K
}
Event: 3.192 GC heap before
{Heap before GC invocations=8 (full 0):
 garbage-first heap   total 159744K, used 111908K [0x0000000703a00000, 0x0000000800000000)
  region size 2048K, 32 young (65536K), 4 survivors (8192K)
 Metaspace       used 26620K, committed 27072K, reserved 1114112K
  class space    used 2810K, committed 3008K, reserved 1048576K
}
Event: 3.217 GC heap after
{Heap after GC invocations=9 (full 0):
 garbage-first heap   total 159744K, used 66648K [0x0000000703a00000, 0x0000000800000000)
  region size 2048K, 4 young (8192K), 4 survivors (8192K)
 Metaspace       used 26620K, committed 27072K, reserved 1114112K
  class space    used 2810K, committed 3008K, reserved 1048576K
}
Event: 3.467 GC heap before
{Heap before GC invocations=9 (full 0):
 garbage-first heap   total 159744K, used 119896K [0x0000000703a00000, 0x0000000800000000)
  region size 2048K, 26 young (53248K), 4 survivors (8192K)
 Metaspace       used 26640K, committed 27072K, reserved 1114112K
  class space    used 2812K, committed 3008K, reserved 1048576K
}
Event: 3.510 GC heap after
{Heap after GC invocations=10 (full 0):
 garbage-first heap   total 159744K, used 88064K [0x0000000703a00000, 0x0000000800000000)
  region size 2048K, 4 young (8192K), 4 survivors (8192K)
 Metaspace       used 26640K, committed 27072K, reserved 1114112K
  class space    used 2812K, committed 3008K, reserved 1048576K
}
Event: 3.550 GC heap before
{Heap before GC invocations=10 (full 0):
 garbage-first heap   total 159744K, used 92160K [0x0000000703a00000, 0x0000000800000000)
  region size 2048K, 8 young (16384K), 4 survivors (8192K)
 Metaspace       used 26640K, committed 27072K, reserved 1114112K
  class space    used 2812K, committed 3008K, reserved 1048576K
}
Event: 3.569 GC heap after
{Heap after GC invocations=11 (full 0):
 garbage-first heap   total 276480K, used 92905K [0x0000000703a00000, 0x0000000800000000)
  region size 2048K, 2 young (4096K), 2 survivors (4096K)
 Metaspace       used 26640K, committed 27072K, reserved 1114112K
  class space    used 2812K, committed 3008K, reserved 1048576K
}
Event: 3.853 GC heap before
{Heap before GC invocations=11 (full 0):
 garbage-first heap   total 276480K, used 195305K [0x0000000703a00000, 0x0000000800000000)
  region size 2048K, 45 young (92160K), 2 survivors (4096K)
 Metaspace       used 27102K, committed 27648K, reserved 1114112K
  class space    used 2894K, committed 3136K, reserved 1048576K
}
Event: 3.869 GC heap after
{Heap after GC invocations=12 (full 0):
 garbage-first heap   total 276480K, used 129620K [0x0000000703a00000, 0x0000000800000000)
  region size 2048K, 6 young (12288K), 6 survivors (12288K)
 Metaspace       used 27102K, committed 27648K, reserved 1114112K
  class space    used 2894K, committed 3136K, reserved 1048576K
}
Event: 3.966 GC heap before
{Heap before GC invocations=12 (full 0):
 garbage-first heap   total 276480K, used 182868K [0x0000000703a00000, 0x0000000800000000)
  region size 2048K, 30 young (61440K), 6 survivors (12288K)
 Metaspace       used 27232K, committed 27776K, reserved 1114112K
  class space    used 2897K, committed 3136K, reserved 1048576K
}
Event: 3.981 GC heap after
{Heap after GC invocations=13 (full 0):
 garbage-first heap   total 276480K, used 146473K [0x0000000703a00000, 0x0000000800000000)
  region size 2048K, 5 young (10240K), 5 survivors (10240K)
 Metaspace       used 27232K, committed 27776K, reserved 1114112K
  class space    used 2897K, committed 3136K, reserved 1048576K
}
Event: 4.138 GC heap before
{Heap before GC invocations=14 (full 0):
 garbage-first heap   total 276480K, used 183337K [0x0000000703a00000, 0x0000000800000000)
  region size 2048K, 34 young (69632K), 5 survivors (10240K)
 Metaspace       used 27285K, committed 27776K, reserved 1114112K
  class space    used 2898K, committed 3136K, reserved 1048576K
}
Event: 4.152 GC heap after
{Heap after GC invocations=15 (full 0):
 garbage-first heap   total 276480K, used 135558K [0x0000000703a00000, 0x0000000800000000)
  region size 2048K, 5 young (10240K), 5 survivors (10240K)
 Metaspace       used 27285K, committed 27776K, reserved 1114112K
  class space    used 2898K, committed 3136K, reserved 1048576K
}
Event: 4.156 GC heap before
{Heap before GC invocations=15 (full 0):
 garbage-first heap   total 276480K, used 137606K [0x0000000703a00000, 0x0000000800000000)
  region size 2048K, 6 young (12288K), 5 survivors (10240K)
 Metaspace       used 27285K, committed 27776K, reserved 1114112K
  class space    used 2898K, committed 3136K, reserved 1048576K
}
Event: 4.164 GC heap after
{Heap after GC invocations=16 (full 0):
 garbage-first heap   total 276480K, used 123096K [0x0000000703a00000, 0x0000000800000000)
  region size 2048K, 1 young (2048K), 1 survivors (2048K)
 Metaspace       used 27285K, committed 27776K, reserved 1114112K
  class space    used 2898K, committed 3136K, reserved 1048576K
}
Event: 4.167 GC heap before
{Heap before GC invocations=16 (full 0):
 garbage-first heap   total 276480K, used 125144K [0x0000000703a00000, 0x0000000800000000)
  region size 2048K, 2 young (4096K), 1 survivors (2048K)
 Metaspace       used 27285K, committed 27776K, reserved 1114112K
  class space    used 2898K, committed 3136K, reserved 1048576K
}

