# JRE version: Java(TM) SE Runtime Environment (18.0.1.1+2) (build 18.0.1.1+2-6)
# Java VM: Java HotSpot(TM) 64-Bit Server VM (18.0.1.1+2-6, mixed mode, sharing, tiered, compressed oops, compressed class ptrs, g1 gc, windows-amd64)
GC Precious Log:
 CardTable entry size: 512
 Card Set container configuration: InlinePtr #cards 4 size 8 Array Of Cards #cards 16 size 48 Howl #buckets 8 coarsen threshold 3686 Howl Bitmap #cards 512 size 80 coarsen threshold 460 Card regions per heap region 1 cards per card region 4096
 CPUs: 16 total, 16 available
 Memory: 16149M
 Large Page Support: Disabled
 NUMA Support: Disabled
 Compressed Oops: Enabled (Zero based)
 Heap Region Size: 2M
 Heap Min Capacity: 8M
 Heap Initial Capacity: 254M
 Heap Max Capacity: 4038M
 Pre-touch: Disabled
 Parallel Workers: 13
 Concurrent Workers: 3
 Concurrent Refinement Workers: 13
 Periodic GC: Disabled
Heap:
 garbage-first heap   total 342016K, used 113072K [0x0000000703a00000, 0x0000000800000000)
  region size 2048K, 11 young (22528K), 2 survivors (4096K)
 Metaspace       used 29218K, committed 29760K, reserved 1114112K
  class space    used 3051K, committed 3328K, reserved 1048576K
GC Heap History (20 events):
Event: 2.447 GC heap before
{Heap before GC invocations=6 (full 0):
 garbage-first heap   total 88064K, used 60647K [0x0000000703a00000, 0x0000000800000000)
  region size 2048K, 15 young (30720K), 1 survivors (2048K)
 Metaspace       used 23823K, committed 24128K, reserved 1114112K
  class space    used 2555K, committed 2688K, reserved 1048576K
}
Event: 2.452 GC heap after
{Heap after GC invocations=7 (full 0):
 garbage-first heap   total 176128K, used 39899K [0x0000000703a00000, 0x0000000800000000)
  region size 2048K, 2 young (4096K), 2 survivors (4096K)
 Metaspace       used 23823K, committed 24128K, reserved 1114112K
  class space    used 2555K, committed 2688K, reserved 1048576K
}
Event: 2.979 GC heap before
{Heap before GC invocations=7 (full 0):
 garbage-first heap   total 176128K, used 101339K [0x0000000703a00000, 0x0000000800000000)
  region size 2048K, 33 young (67584K), 2 survivors (4096K)
 Metaspace       used 26472K, committed 26880K, reserved 1114112K
  class space    used 2794K, committed 3008K, reserved 1048576K
}
Event: 2.987 GC heap after
{Heap after GC invocations=8 (full 0):
 garbage-first heap   total 176128K, used 45891K [0x0000000703a00000, 0x0000000800000000)
  region size 2048K, 5 young (10240K), 5 survivors (10240K)
 Metaspace       used 26472K, committed 26880K, reserved 1114112K
  class space    used 2794K, committed 3008K, reserved 1048576K
}
Event: 3.235 GC heap before
{Heap before GC invocations=8 (full 0):
 garbage-first heap   total 176128K, used 121667K [0x0000000703a00000, 0x0000000800000000)
  region size 2048K, 36 young (73728K), 5 survivors (10240K)
 Metaspace       used 26620K, committed 27008K, reserved 1114112K
  class space    used 2807K, committed 3008K, reserved 1048576K
}
Event: 3.266 GC heap after
{Heap after GC invocations=9 (full 0):
 garbage-first heap   total 176128K, used 74269K [0x0000000703a00000, 0x0000000800000000)
  region size 2048K, 5 young (10240K), 5 survivors (10240K)
 Metaspace       used 26620K, committed 27008K, reserved 1114112K
  class space    used 2807K, committed 3008K, reserved 1048576K
}
Event: 3.538 GC heap before
{Heap before GC invocations=9 (full 0):
 garbage-first heap   total 176128K, used 127517K [0x0000000703a00000, 0x0000000800000000)
  region size 2048K, 28 young (57344K), 5 survivors (10240K)
 Metaspace       used 26654K, committed 27072K, reserved 1114112K
  class space    used 2812K, committed 3072K, reserved 1048576K
}
Event: 3.573 GC heap after
{Heap after GC invocations=10 (full 0):
 garbage-first heap   total 176128K, used 95298K [0x0000000703a00000, 0x0000000800000000)
  region size 2048K, 4 young (8192K), 4 survivors (8192K)
 Metaspace       used 26654K, committed 27072K, reserved 1114112K
  class space    used 2812K, committed 3072K, reserved 1048576K
}
Event: 3.701 GC heap before
{Heap before GC invocations=10 (full 0):
 garbage-first heap   total 176128K, used 109634K [0x0000000703a00000, 0x0000000800000000)
  region size 2048K, 13 young (26624K), 4 survivors (8192K)
 Metaspace       used 27036K, committed 27584K, reserved 1114112K
  class space    used 2884K, committed 3136K, reserved 1048576K
}
Event: 3.715 GC heap after
{Heap after GC invocations=11 (full 0):
 garbage-first heap   total 301056K, used 102705K [0x0000000703a00000, 0x0000000800000000)
  region size 2048K, 3 young (6144K), 3 survivors (6144K)
 Metaspace       used 27036K, committed 27584K, reserved 1114112K
  class space    used 2884K, committed 3136K, reserved 1048576K
}
Event: 3.975 GC heap before
{Heap before GC invocations=11 (full 0):
 garbage-first heap   total 301056K, used 219441K [0x0000000703a00000, 0x0000000800000000)
  region size 2048K, 53 young (108544K), 3 survivors (6144K)
 Metaspace       used 27222K, committed 27712K, reserved 1114112K
  class space    used 2892K, committed 3136K, reserved 1048576K
}
Event: 3.997 GC heap after
{Heap after GC invocations=12 (full 0):
 garbage-first heap   total 301056K, used 141581K [0x0000000703a00000, 0x0000000800000000)
  region size 2048K, 7 young (14336K), 7 survivors (14336K)
 Metaspace       used 27222K, committed 27712K, reserved 1114112K
  class space    used 2892K, committed 3136K, reserved 1048576K
}
Event: 4.085 GC heap before
{Heap before GC invocations=12 (full 0):
 garbage-first heap   total 301056K, used 188685K [0x0000000703a00000, 0x0000000800000000)
  region size 2048K, 28 young (57344K), 7 survivors (14336K)
 Metaspace       used 27241K, committed 27712K, reserved 1114112K
  class space    used 2893K, committed 3136K, reserved 1048576K
}
Event: 4.102 GC heap after
{Heap after GC invocations=13 (full 0):
 garbage-first heap   total 301056K, used 158320K [0x0000000703a00000, 0x0000000800000000)
  region size 2048K, 5 young (10240K), 5 survivors (10240K)
 Metaspace       used 27241K, committed 27712K, reserved 1114112K
  class space    used 2893K, committed 3136K, reserved 1048576K
}
Event: 4.216 GC heap before
{Heap before GC invocations=14 (full 0):
 garbage-first heap   total 301056K, used 199280K [0x0000000703a00000, 0x0000000800000000)
  region size 2048K, 37 young (75776K), 5 survivors (10240K)
 Metaspace       used 27283K, committed 27776K, reserved 1114112K
  class space    used 2894K, committed 3136K, reserved 1048576K
}
Event: 4.230 GC heap after
{Heap after GC invocations=15 (full 0):
 garbage-first heap   total 301056K, used 149504K [0x0000000703a00000, 0x0000000800000000)
  region size 2048K, 5 young (10240K), 5 survivors (10240K)
 Metaspace       used 27283K, committed 27776K, reserved 1114112K
  class space    used 2894K, committed 3136K, reserved 1048576K
}
Event: 4.240 GC heap before
{Heap before GC invocations=15 (full 0):
 garbage-first heap   total 301056K, used 153600K [0x0000000703a00000, 0x0000000800000000)
  region size 2048K, 7 young (14336K), 5 survivors (10240K)
 Metaspace       used 27283K, committed 27776K, reserved 1114112K
  class space    used 2894K, committed 3136K, reserved 1048576K
}
Event: 4.246 GC heap after
{Heap after GC invocations=16 (full 0):
 garbage-first heap   total 301056K, used 142340K [0x0000000703a00000, 0x0000000800000000)
  region size 2048K, 1 young (2048K), 1 survivors (2048K)
 Metaspace       used 27283K, committed 27776K, reserved 1114112K
  class space    used 2894K, committed 3136K, reserved 1048576K
}
Event: 4.821 GC heap before
{Heap before GC invocations=16 (full 0):
 garbage-first heap   total 301056K, used 216068K [0x0000000703a00000, 0x0000000800000000)
  region size 2048K, 38 young (77824K), 1 survivors (2048K)
 Metaspace       used 29126K, committed 29632K, reserved 1114112K
  class space    used 3047K, committed 3328K, reserved 1048576K
}
Event: 4.826 GC heap after
{Heap after GC invocations=17 (full 0):
 garbage-first heap   total 727040K, used 143792K [0x0000000703a00000, 0x0000000800000000)
  region size 2048K, 2 young (4096K), 2 survivors (4096K)
 Metaspace       used 29126K, committed 29632K, reserved 1114112K
  class space    used 3047K, committed 3328K, reserved 1048576K
}

